[2018-06-07 12:43:20.965] [exthost1] [info] extension host started
[2018-06-07 12:43:21.113] [exthost1] [info] ExtensionService#_doActivateExtension vscode.emmet {"startup":true,"activationEvent":"*"}
[2018-06-07 12:43:21.114] [exthost1] [info] ExtensionService#loadCommonJSModule c:\Users\Brad-LP\.codemix\engine\resources\app\extensions\emmet\out\extension
[2018-06-07 12:43:21.588] [exthost1] [info] ExtensionService#_doActivateExtension vscode.git {"startup":true,"activationEvent":"*"}
[2018-06-07 12:43:21.588] [exthost1] [info] ExtensionService#loadCommonJSModule c:\Users\Brad-LP\.codemix\engine\resources\app\extensions\git\out\main
[2018-06-07 12:43:23.203] [exthost1] [info] ExtensionService#_doActivateExtension vscode.merge-conflict {"startup":true,"activationEvent":"*"}
[2018-06-07 12:43:23.203] [exthost1] [info] ExtensionService#loadCommonJSModule c:\Users\Brad-LP\.codemix\engine\resources\app\extensions\merge-conflict\out\extension
[2018-06-07 12:43:23.289] [exthost1] [info] eager extensions activated
[2018-06-07 12:44:49.508] [exthost1] [info] extension host started
[2018-06-07 12:44:49.620] [exthost1] [info] ExtensionService#_doActivateExtension vscode.emmet {"startup":true,"activationEvent":"*"}
[2018-06-07 12:44:49.621] [exthost1] [info] ExtensionService#loadCommonJSModule c:\Users\Brad-LP\.codemix\engine\resources\app\extensions\emmet\out\extension
[2018-06-07 12:44:49.896] [exthost1] [info] ExtensionService#_doActivateExtension vscode.git {"startup":true,"activationEvent":"*"}
[2018-06-07 12:44:49.896] [exthost1] [info] ExtensionService#loadCommonJSModule c:\Users\Brad-LP\.codemix\engine\resources\app\extensions\git\out\main
[2018-06-07 12:44:50.404] [exthost1] [info] ExtensionService#_doActivateExtension vscode.merge-conflict {"startup":true,"activationEvent":"*"}
[2018-06-07 12:44:50.404] [exthost1] [info] ExtensionService#loadCommonJSModule c:\Users\Brad-LP\.codemix\engine\resources\app\extensions\merge-conflict\out\extension
[2018-06-07 12:44:50.478] [exthost1] [info] ExtensionService#_doActivateExtension HookyQR.beautify {"startup":true,"activationEvent":"*"}
[2018-06-07 12:44:50.478] [exthost1] [info] ExtensionService#loadCommonJSModule C:\Users\Brad-LP\.vscode\extensions\HookyQR.beautify-1.3.0\extension
[2018-06-07 12:44:50.755] [exthost1] [info] ExtensionService#_doActivateExtension Zignd.html-css-class-completion {"startup":true,"activationEvent":"*"}
[2018-06-07 12:44:50.755] [exthost1] [info] ExtensionService#loadCommonJSModule C:\Users\Brad-LP\.vscode\extensions\Zignd.html-css-class-completion-1.17.1\out\src\extension
[2018-06-07 12:44:53.419] [exthost1] [info] ExtensionService#_doActivateExtension christian-kohler.path-intellisense {"startup":true,"activationEvent":"*"}
[2018-06-07 12:44:53.419] [exthost1] [info] ExtensionService#loadCommonJSModule C:\Users\Brad-LP\.vscode\extensions\christian-kohler.path-intellisense-1.4.2\out\src\extension
[2018-06-07 12:44:53.491] [exthost1] [info] ExtensionService#_doActivateExtension dbaeumer.vscode-eslint {"startup":true,"activationEvent":"*"}
[2018-06-07 12:44:53.491] [exthost1] [info] ExtensionService#loadCommonJSModule C:\Users\Brad-LP\.vscode\extensions\dbaeumer.vscode-eslint-1.4.10\client\out\extension
[2018-06-07 12:44:53.729] [exthost1] [info] ExtensionService#_doActivateExtension formulahendry.auto-close-tag {"startup":true,"activationEvent":"*"}
[2018-06-07 12:44:53.729] [exthost1] [info] ExtensionService#loadCommonJSModule C:\Users\Brad-LP\.vscode\extensions\formulahendry.auto-close-tag-0.5.6\out\src\extension
[2018-06-07 12:44:53.744] [exthost1] [info] ExtensionService#_doActivateExtension vscode.configuration-editing {"startup":false,"activationEvent":"onLanguage:jsonc"}
[2018-06-07 12:44:53.744] [exthost1] [info] ExtensionService#loadCommonJSModule c:\Users\Brad-LP\.codemix\engine\resources\app\extensions\configuration-editing\out\extension
[2018-06-07 12:44:53.788] [exthost1] [info] ExtensionService#_doActivateExtension vscode.json {"startup":false,"activationEvent":"onLanguage:jsonc"}
[2018-06-07 12:44:53.788] [exthost1] [info] ExtensionService#loadCommonJSModule c:\Users\Brad-LP\.codemix\engine\resources\app\extensions\json\client\out\jsonMain
[2018-06-07 12:44:58.305] [exthost1] [info] eager extensions activated
[2018-06-07 12:45:24.549] [exthost1] [info] ExtensionService#_doActivateExtension vscode.php {"startup":false,"activationEvent":"onLanguage:php"}
[2018-06-07 12:45:24.550] [exthost1] [info] ExtensionService#loadCommonJSModule c:\Users\Brad-LP\.codemix\engine\resources\app\extensions\php\out\phpMain
[2018-06-07 12:45:24.670] [exthost1] [info] ExtensionService#_doActivateExtension felixfbecker.php-intellisense {"startup":false,"activationEvent":"onLanguage:php"}
[2018-06-07 12:45:24.670] [exthost1] [info] ExtensionService#loadCommonJSModule C:\Users\Brad-LP\.vscode\extensions\felixfbecker.php-intellisense-2.3.1\out\extension
[2018-06-07 12:45:25.116] [exthost1] [info] ExtensionService#_doActivateExtension kokororin.vscode-phpfmt {"startup":false,"activationEvent":"onLanguage:php"}
[2018-06-07 12:45:25.116] [exthost1] [info] ExtensionService#loadCommonJSModule C:\Users\Brad-LP\.vscode\extensions\kokororin.vscode-phpfmt-1.0.29\out\src\extension
[2018-06-07 12:45:25.160] [exthost1] [info] ExtensionService#_doActivateExtension linyang95.php-symbols {"startup":false,"activationEvent":"onLanguage:php"}
[2018-06-07 12:45:25.160] [exthost1] [info] ExtensionService#loadCommonJSModule C:\Users\Brad-LP\.vscode\extensions\linyang95.php-symbols-2.0.4\extension
[2018-06-07 12:45:27.754] [exthost1] [info] ExtensionService#_doActivateExtension vscode.extension-editing {"startup":false,"activationEvent":"onLanguage:markdown"}
[2018-06-07 12:45:27.754] [exthost1] [info] ExtensionService#loadCommonJSModule c:\Users\Brad-LP\.codemix\engine\resources\app\extensions\extension-editing\out\extension
[2018-06-07 12:45:28.019] [exthost1] [info] ExtensionService#_doActivateExtension Microsoft.vscode-markdown {"startup":false,"activationEvent":"onLanguage:markdown"}
[2018-06-07 12:45:28.019] [exthost1] [info] ExtensionService#loadCommonJSModule c:\Users\Brad-LP\.codemix\engine\resources\app\extensions\markdown\out\extension
